[6/22/2018 3:22:12 PM]:Process not found!
[6/22/2018 3:22:12 PM]:System.ComponentModel.Win32Exception (0x80004005): The system cannot find the file specified
   at System.Diagnostics.Process.StartWithCreateProcess(ProcessStartInfo startInfo)
   at System.Diagnostics.Process.Start()
   at ProcessManagerCore.Models.Process.Start() in C:\Users\Admin\Documents\GitHub\ProcessManager\ProcessManager\Models\Process.cs:line 58
[6/22/2018 3:25:33 PM]:System.ComponentModel.Win32Exception (0x80004005): The system cannot find the file specified
   at System.Diagnostics.Process.StartWithCreateProcess(ProcessStartInfo startInfo)
   at System.Diagnostics.Process.Start()
   at ProcessManagerCore.Models.Process.Start() in C:\Users\Admin\Documents\GitHub\ProcessManager\ProcessManager\Models\Process.cs:line 58
[6/22/2018 3:26:16 PM]:Process not found!
[6/22/2018 3:39:51 PM]:System.ComponentModel.Win32Exception (0x80004005): The system cannot find the file specified
   at System.Diagnostics.Process.StartWithCreateProcess(ProcessStartInfo startInfo)
   at System.Diagnostics.Process.Start()
   at ProcessManagerCore.Models.Process.Start() in C:\Users\Admin\Documents\GitHub\ProcessManager\ProcessManager\Models\Process.cs:line 58
[6/22/2018 3:40:18 PM]:Process not found!
[6/22/2018 3:51:15 PM]:System.ComponentModel.Win32Exception (0x80004005): The system cannot find the file specified
   at System.Diagnostics.Process.StartWithCreateProcess(ProcessStartInfo startInfo)
   at System.Diagnostics.Process.Start()
   at ProcessManagerCore.Models.Process.Start() in C:\Users\Admin\Documents\GitHub\ProcessManager\ProcessManager\Models\Process.cs:line 58
[6/22/2018 3:51:18 PM]:Process not found!
[6/22/2018 3:53:09 PM]:System.ComponentModel.Win32Exception (0x80004005): The system cannot find the file specified
   at System.Diagnostics.Process.StartWithCreateProcess(ProcessStartInfo startInfo)
   at System.Diagnostics.Process.Start()
   at ProcessManagerCore.Models.Process.Start() in C:\Users\Admin\Documents\GitHub\ProcessManager\ProcessManager\Models\Process.cs:line 58
[6/22/2018 4:19:08 PM]:System.ComponentModel.Win32Exception (0x80004005): The system cannot find the file specified
   at System.Diagnostics.Process.StartWithCreateProcess(ProcessStartInfo startInfo)
   at System.Diagnostics.Process.Start()
   at ProcessManagerCore.Models.Process.Start() in C:\Users\Admin\Documents\GitHub\ProcessManager\ProcessManager\Models\Process.cs:line 58
[6/22/2018 4:19:11 PM]:Process not found!
[6/22/2018 4:25:21 PM]:System.ComponentModel.Win32Exception (0x80004005): The system cannot find the file specified
   at System.Diagnostics.Process.StartWithCreateProcess(ProcessStartInfo startInfo)
   at System.Diagnostics.Process.Start()
   at ProcessManagerCore.Models.Process.Start() in C:\Users\Admin\Documents\GitHub\ProcessManager\ProcessManager\Models\Process.cs:line 58
[6/22/2018 4:25:28 PM]:Process not found!
[6/22/2018 4:37:50 PM]:System.ComponentModel.Win32Exception (0x80004005): The system cannot find the file specified
   at System.Diagnostics.Process.StartWithCreateProcess(ProcessStartInfo startInfo)
   at System.Diagnostics.Process.Start()
   at ProcessManagerCore.Models.Process.Start() in C:\Users\Admin\Documents\GitHub\ProcessManager\ProcessManager\Models\Process.cs:line 58
[6/22/2018 4:37:55 PM]:Process not found!
[6/22/2018 5:00:41 PM]:System.ComponentModel.Win32Exception (0x80004005): The system cannot find the file specified
   at System.Diagnostics.Process.StartWithCreateProcess(ProcessStartInfo startInfo)
   at System.Diagnostics.Process.Start()
   at ProcessManagerCore.Models.Process.Start() in C:\Users\Admin\Documents\GitHub\ProcessManager\ProcessManager\Models\Process.cs:line 58
[6/22/2018 5:00:44 PM]:Process not found!
[6/22/2018 5:12:11 PM]:System.ComponentModel.Win32Exception (0x80004005): The system cannot find the file specified
   at System.Diagnostics.Process.StartWithCreateProcess(ProcessStartInfo startInfo)
   at System.Diagnostics.Process.Start()
   at ProcessManagerCore.Models.Process.Start() in C:\Users\Admin\Documents\GitHub\ProcessManager\ProcessManager\Models\Process.cs:line 58
[6/22/2018 5:14:47 PM]:System.ComponentModel.Win32Exception (0x80004005): The system cannot find the file specified
   at System.Diagnostics.Process.StartWithCreateProcess(ProcessStartInfo startInfo)
   at System.Diagnostics.Process.Start()
   at ProcessManagerCore.Models.Process.Start() in C:\Users\Admin\Documents\GitHub\ProcessManager\ProcessManager\Models\Process.cs:line 58
[6/22/2018 5:14:51 PM]:Process not found!
[6/22/2018 5:21:33 PM]:System.ComponentModel.Win32Exception (0x80004005): The system cannot find the file specified
   at System.Diagnostics.Process.StartWithCreateProcess(ProcessStartInfo startInfo)
   at System.Diagnostics.Process.Start()
   at ProcessManagerCore.Models.Process.Start() in C:\Users\Admin\Documents\GitHub\ProcessManager\ProcessManager\Models\Process.cs:line 58
[6/22/2018 5:21:36 PM]:Process not found!
[6/22/2018 5:24:47 PM]:System.ComponentModel.Win32Exception (0x80004005): The system cannot find the file specified
   at System.Diagnostics.Process.StartWithCreateProcess(ProcessStartInfo startInfo)
   at System.Diagnostics.Process.Start()
   at ProcessManagerCore.Models.Process.Start() in C:\Users\Admin\Documents\GitHub\ProcessManager\ProcessManager\Models\Process.cs:line 58
[6/22/2018 5:24:54 PM]:Process not found!
[6/22/2018 5:38:51 PM]:Process not found!
[6/22/2018 5:38:54 PM]:Process not found!
